{"name": "test_logout", "status": "failed", "statusDetails": {"message": "AssertionError: assert 'actiTIME - Login' == 'actiTIME - Logi'\n  - actiTIME - Login\n  ?                -\n  + actiTIME - Logi", "trace": "self = <login_test.TestLogin object at 0x00000195DC905FD0>\n\n    def test_logout(self):\n        try:\n            driver = self.driver\n            # driver.find_element_by_class_name(\"logout\").click()\n            home = HomePage(driver)\n            home.clik_on_logout_link()\n            x = driver.title\n>           assert x == \"actiTIME - Logi\"\nE           AssertionError: assert 'actiTIME - Login' == 'actiTIME - Logi'\nE             - actiTIME - Login\nE             ?                -\nE             + actiTIME - Logi\n\ntests\\login_test.py:30: AssertionError"}, "attachments": [{"name": "log", "source": "ea297c35-b13d-4117-868a-dc8d0b4951e3-attachment.txt", "type": "text/plain"}, {"name": "stdout", "source": "11c6fa71-4d17-4c60-bf81-269264a2678f-attachment.txt", "type": "text/plain"}, {"name": "stderr", "source": "425fd589-cc43-4af9-9b1a-28701cbc8b52-attachment.txt", "type": "text/plain"}], "start": 1549373542830, "stop": 1549373548476, "uuid": "60573b7c-6b78-4612-9b6a-9c04da041f85", "historyId": "e89a5a0e9aefe451ee262eba82370b01", "fullName": "tests.login_test.TestLogin#test_logout", "labels": [{"name": "parentSuite", "value": "tests"}, {"name": "suite", "value": "login_test"}, {"name": "subSuite", "value": "TestLogin"}, {"name": "host", "value": "DESKTOP-63VVHER"}, {"name": "thread", "value": "4964-MainThread"}, {"name": "framework", "value": "pytest"}, {"name": "language", "value": "cpython3"}, {"name": "package", "value": "tests.login_test"}]}