{"name": "test_logout", "status": "broken", "statusDetails": {"message": "NameError: name 'testName' is not defined", "trace": "self = <login_test.TestLogin object at 0x00000148EB41E630>\n\n    def test_logout(self):\n        try:\n            driver = self.driver\n            # driver.find_element_by_class_name(\"logout\").click()\n            home = HomePage(driver)\n            home.clik_on_logout_link()\n            x = driver.title\n>           assert x == \"actiTIME - Logi\"\nE           AssertionError: assert 'actiTIME - Login' == 'actiTIME - Logi'\nE             - actiTIME - Login\nE             ?                -\nE             + actiTIME - Logi\n\ntests\\login_test.py:32: AssertionError\n\nDuring handling of the above exception, another exception occurred:\n\nself = <login_test.TestLogin object at 0x00000148EB41E630>\n\n    def test_logout(self):\n        try:\n            driver = self.driver\n            # driver.find_element_by_class_name(\"logout\").click()\n            home = HomePage(driver)\n            home.clik_on_logout_link()\n            x = driver.title\n            assert x == \"actiTIME - Logi\"\n        except AssertionError as error:\n            print(error)\n            cur_time=moment.now().strftime(\"%d-%m-%Y_%H-%M-%S\")\n            test_name=cs.whoami()\n>           screenshot_name=testName+\"_\"+cur_time\nE           NameError: name 'testName' is not defined\n\ntests\\login_test.py:37: NameError"}, "attachments": [{"name": "log", "source": "bb400665-476f-42c6-9361-5793bb61e84c-attachment.txt", "type": "text/plain"}, {"name": "stdout", "source": "0f4b0bbb-5800-42eb-b6ac-f6bb6a4aa994-attachment.txt", "type": "text/plain"}, {"name": "stderr", "source": "1e6d3fe2-9f2a-4200-87a9-140c3c8c0a13-attachment.txt", "type": "text/plain"}], "start": 1549377618731, "stop": 1549377624837, "uuid": "9a16c459-0b6e-48d7-bd98-e503607d239f", "historyId": "e89a5a0e9aefe451ee262eba82370b01", "fullName": "tests.login_test.TestLogin#test_logout", "labels": [{"name": "parentSuite", "value": "tests"}, {"name": "suite", "value": "login_test"}, {"name": "subSuite", "value": "TestLogin"}, {"name": "host", "value": "DESKTOP-63VVHER"}, {"name": "thread", "value": "15672-MainThread"}, {"name": "framework", "value": "pytest"}, {"name": "language", "value": "cpython3"}, {"name": "package", "value": "tests.login_test"}]}